[2025-10-15 09:04:39] ERROR: Routing error: View not found: auth/login Context: {"exception":{},"url":"/Sci-Bono_Clubhoue_LMS/login","method":"GET"}
[2025-10-15 09:18:53] ERROR: Routing error: Method not found: AttendanceController::index Context: {"exception":{},"url":"/Sci-Bono_Clubhoue_LMS/attendance","method":"GET"}
[2025-10-15 09:24:53] INFO: Controller action: attendance_page_view Context: {"controller":"AttendanceController","user_id":null,"ip":"::1"}
[2025-10-15 09:24:53] ERROR: Call to undefined method AttendanceModel::query() Context: {"type":"Exception","class":"Error","message":"Call to undefined method AttendanceModel::query()","file":"/var/www/html/Sci-Bono_Clubhoue_LMS/app/Services/AttendanceService.php","line":330,"trace":[{"file":"/var/www/html/Sci-Bono_Clubhoue_LMS/app/Controllers/AttendanceController.php","line":114,"function":"getCurrentAttendance","class":"AttendanceService","type":"->"},{"file":"/var/www/html/Sci-Bono_Clubhoue_LMS/app/Controllers/AttendanceController.php","line":103,"function":"showAttendancePage","class":"AttendanceController","type":"->"},{"file":"/var/www/html/Sci-Bono_Clubhoue_LMS/core/ModernRouter.php","line":386,"function":"index","class":"AttendanceController","type":"->"},{"file":"/var/www/html/Sci-Bono_Clubhoue_LMS/core/ModernRouter.php","line":333,"function":"executeControllerMethod","class":"Router","type":"->"},{"file":"/var/www/html/Sci-Bono_Clubhoue_LMS/core/ModernRouter.php","line":313,"function":"executeStringHandler","class":"Router","type":"->"},{"file":"/var/www/html/Sci-Bono_Clubhoue_LMS/core/ModernRouter.php","line":208,"function":"executeHandler","class":"Router","type":"->"},{"file":"/var/www/html/Sci-Bono_Clubhoue_LMS/index.php","line":29,"function":"dispatch","class":"Router","type":"->"}],"timestamp":"2025-10-15 09:24:53","url":"/Sci-Bono_Clubhoue_LMS/attendance","session_id":"9chi3kgrifj84re2ermhkm7dr6","user_id":null,"memory_usage":2097152}
[2025-10-15 09:24:59] INFO: Controller action: attendance_page_view Context: {"controller":"AttendanceController","user_id":null,"ip":"::1"}
[2025-10-15 09:24:59] ERROR: Call to undefined method AttendanceModel::query() Context: {"type":"Exception","class":"Error","message":"Call to undefined method AttendanceModel::query()","file":"/var/www/html/Sci-Bono_Clubhoue_LMS/app/Services/AttendanceService.php","line":330,"trace":[{"file":"/var/www/html/Sci-Bono_Clubhoue_LMS/app/Controllers/AttendanceController.php","line":114,"function":"getCurrentAttendance","class":"AttendanceService","type":"->"},{"file":"/var/www/html/Sci-Bono_Clubhoue_LMS/app/Controllers/AttendanceController.php","line":103,"function":"showAttendancePage","class":"AttendanceController","type":"->"},{"file":"/var/www/html/Sci-Bono_Clubhoue_LMS/core/ModernRouter.php","line":386,"function":"index","class":"AttendanceController","type":"->"},{"file":"/var/www/html/Sci-Bono_Clubhoue_LMS/core/ModernRouter.php","line":333,"function":"executeControllerMethod","class":"Router","type":"->"},{"file":"/var/www/html/Sci-Bono_Clubhoue_LMS/core/ModernRouter.php","line":313,"function":"executeStringHandler","class":"Router","type":"->"},{"file":"/var/www/html/Sci-Bono_Clubhoue_LMS/core/ModernRouter.php","line":208,"function":"executeHandler","class":"Router","type":"->"},{"file":"/var/www/html/Sci-Bono_Clubhoue_LMS/index.php","line":29,"function":"dispatch","class":"Router","type":"->"}],"timestamp":"2025-10-15 09:24:59","url":"/Sci-Bono_Clubhoue_LMS/attendance","session_id":"9chi3kgrifj84re2ermhkm7dr6","user_id":null,"memory_usage":2097152}
[2025-10-15 09:26:38] INFO: Controller action: attendance_page_view Context: {"controller":"AttendanceController","user_id":null,"ip":"::1"}
[2025-10-15 09:26:38] ERROR: Get current attendance error: Unknown column 'a.signin_date' in 'where clause' Context: {"service":"AttendanceService"}
[2025-10-15 09:26:56] INFO: Controller action: attendance_page_view Context: {"controller":"AttendanceController","user_id":null,"ip":"::1"}
[2025-10-15 09:26:56] ERROR: Get current attendance error: Unknown column 'a.signin_date' in 'where clause' Context: {"service":"AttendanceService"}
[2025-10-15 09:29:00] INFO: Controller action: attendance_page_view Context: {"controller":"AttendanceController","user_id":null,"ip":"::1"}
[2025-10-15 09:29:00] ERROR: Get attendance stats error: Unknown column 'signin_date' in 'where clause' Context: {"service":"AttendanceService"}
[2025-10-15 09:29:06] INFO: Controller action: attendance_page_view Context: {"controller":"AttendanceController","user_id":null,"ip":"::1"}
[2025-10-15 09:29:06] ERROR: Get attendance stats error: Unknown column 'signin_date' in 'where clause' Context: {"service":"AttendanceService"}
[2025-10-15 09:29:26] INFO: Controller action: attendance_page_view Context: {"controller":"AttendanceController","user_id":null,"ip":"::1"}
[2025-10-15 09:29:26] ERROR: Get attendance stats error: Unknown column 'signin_date' in 'where clause' Context: {"service":"AttendanceService"}
[2025-10-15 09:29:39] INFO: Controller action: attendance_page_view Context: {"controller":"AttendanceController","user_id":null,"ip":"::1"}
[2025-10-15 09:29:39] ERROR: Get attendance stats error: Unknown column 'signin_date' in 'where clause' Context: {"service":"AttendanceService"}
[2025-10-15 09:54:50] INFO: Controller action: attendance_page_view Context: {"controller":"AttendanceController","user_id":null,"ip":"::1"}
[2025-10-15 09:54:50] ERROR: Get weekly stats error Context: {"error":"Expression #1 of SELECT list is not in GROUP BY clause and contains nonaggregated column 'accounts.attendance.checked_in' which is not functionally dependent on columns in GROUP BY clause; this is incompatible with sql_mode=only_full_group_by"}
[2025-10-15 09:54:50] WARNING: Undefined variable $signedInCount Context: {"type":"PHP Error","severity":2,"message":"Undefined variable $signedInCount","file":"/var/www/html/Sci-Bono_Clubhoue_LMS/app/Views/attendance/signin.php","line":174,"timestamp":"2025-10-15 09:54:50","url":"/Sci-Bono_Clubhoue_LMS/attendance","user_agent":"Mozilla/5.0 (Windows NT 10.0; Win64; x64; rv:144.0) Gecko/20100101 Firefox/144.0","ip":"::1","session_id":"vo5am4ab5q94upsjcmcf2r8apk","user_id":null,"memory_usage":2097152}
[2025-10-15 10:09:50] INFO: Controller action: attendance_page_view Context: {"controller":"AttendanceController","user_id":null,"ip":"::1"}
[2025-10-15 10:09:50] ERROR: Get weekly stats error Context: {"error":"Expression #1 of SELECT list is not in GROUP BY clause and contains nonaggregated column 'accounts.attendance.checked_in' which is not functionally dependent on columns in GROUP BY clause; this is incompatible with sql_mode=only_full_group_by"}
[2025-10-15 10:09:50] WARNING: Undefined variable $signedInCount Context: {"type":"PHP Error","severity":2,"message":"Undefined variable $signedInCount","file":"/var/www/html/Sci-Bono_Clubhoue_LMS/app/Views/attendance/signin.php","line":174,"timestamp":"2025-10-15 10:09:50","url":"/Sci-Bono_Clubhoue_LMS/attendance","user_agent":"Mozilla/5.0 (Windows NT 10.0; Win64; x64; rv:144.0) Gecko/20100101 Firefox/144.0","ip":"::1","session_id":"vo5am4ab5q94upsjcmcf2r8apk","user_id":null,"memory_usage":2097152}
[2025-10-15 10:40:00] WARNING: CSRF token validation failed Context: {"ip":"::1","user_agent":"Mozilla/5.0 (Windows NT 10.0; Win64; x64; rv:144.0) Gecko/20100101 Firefox/144.0","url":"/Sci-Bono_Clubhoue_LMS/login","method":"POST","referer":"http://localhost/Sci-Bono_Clubhoue_LMS/login"}
